cal has joined the chat
[22/05 21:08:33] cal: ngfdnjg
[22/05 21:08:33] cal: gfd
[22/05 21:08:34] cal: gf
[22/05 21:08:34] cal: d
[22/05 21:08:34] cal: gr
[22/05 21:08:34] cal: dg
[22/05 21:08:34] cal: bfd
[22/05 21:08:34] cal: gf
[22/05 21:08:54] cal: dsad
[22/05 21:08:56] cal: fds
[22/05 21:08:56] cal: fews
[22/05 21:08:56] cal: sdf
[22/05 21:08:57] cal: e
[22/05 21:08:57] cal: sd
[22/05 21:08:57] cal: f
[22/05 21:08:57] cal: e
[22/05 21:08:57] cal: s
[22/05 21:08:57] cal: df
[22/05 21:08:58] cal: sef
