 [21/05 18:38:10] dsa: dsads
 [21/05 18:38:34] dsa: dsadsadwads
 [21/05 18:38:58] dsa: dsadsadswdadsdwa
 [21/05 18:43:46] dsa: fdsafdas
 [21/05 18:50:09] dsa: fdsafas
 [21/05 18:50:11] dsa: fadsfdsafds
 [21/05 18:50:12] dsa: sdafdsa
 [21/05 18:52:38] dsa: fdsafdsa
 [21/05 18:55:08] dsa: dfsafdsa
 [21/05 18:55:10] dsa: fdsafdsafesafdsaf
 [21/05 18:55:12] dsa: fdsafdsa
 [21/05 18:55:13] dsa: eses
 [21/05 18:55:27] dsa: NO WAYYY IT OWKRKS
 [21/05 18:55:28] dsa: HAHAHHAA
 [21/05 18:55:33] dsa: HAHAHAHAHAHARIESHIOFADSHIOHFIODSAIH :333333
 [21/05 18:57:26] dsa: dc
 [21/05 18:57:28] dsa: cccc
 [21/05 18:57:30] dsa: cccccc
 [21/05 18:57:32] dsa: cccfvsd
 [21/05 18:57:38] dsa: fghdhgfdhgfdhtrehgfhgfbnvcnbvnbvnbvcnbvc hahahahahaha
 [21/05 18:57:46] dsa: so let mee gooo
 [21/05 18:59:29] dsa: hello.
 [21/05 18:59:29] dsa: hello.
 [21/05 19:01:37] dsa: PLEASEEEEE
 [21/05 19:01:37] dsa: PLEASEEEEE
 [21/05 19:02:25] dsa: dsa
Tails
dsaused /coinflip and got: Heads
 [21/05 19:03:40] dsa: fdsfdsa
dsagot Tails in /coinflip!
dsa used /coinflip and got: dsagot Heads in /coinflip!
 [21/05 19:05:58] dsa: dsafdsa
 [21/05 19:06:02] dsa: dsa got Tails in /coinflip!
dsa used /coinflip and got: dsa got Heads in /coinflip!
 [21/05 19:06:27] dsa: dsafdsafdsfsd
 [21/05 19:06:31] dsa: HOLYYY
 [21/05 19:06:36] dsa: dsa got Heads in /coinflip!
used /coinflip and got: dsa got Tails in /coinflip!
 [21/05 19:07:42] dsa: fdsa
 [21/05 19:07:48] dsa:  got Heads in /coinflip!
dsa used /coinflip and got:  got Tails in /coinflip!
dsa has left the chat
dsa has left the chat
 [21/05 19:09:08] dsa: fdsafdsa
 [21/05 19:09:12] dsa: GOOD MORNING LOGANGGGG
Broadcast from dsa: it finally worksss
Broadcast fromdsa
 [21/05 19:09:40] dsa: no way gangsters
 [21/05 19:11:47] good morning: sa
good morning has left the chat
