 [22/05 16:41:27] dsaads: fgdssfgds
dsaads has left the chat
 [22/05 16:41:32] dsaads: fdsafdfads
 [22/05 16:57:04] dsa: fedgfsd
 [22/05 16:57:06] dsa: nfglkdnjlkgnfds
 [22/05 16:57:07] dsa: hello
 [22/05 16:57:08] dsa: !
asfds has joined the chat
 [22/05 18:13:57] asfds: fdsfdsfds
asfds has left the chat
dsa has joined the chat
 [22/05 18:14:30] dsa: got Heads in /coinflip!
dsa used /coinflip and got: got Tails in /coinflip!
 [22/05 18:14:31] dsa: fdsfds
 [22/05 18:14:31] dsa: fd
 [22/05 18:14:31] dsa: sf
 [22/05 18:14:31] dsa: ds
 [22/05 18:14:31] dsa: fd
 [22/05 18:14:33] dsa: sad
/exit has joined the chat
/exit has joined the chat
sad has joined the chat
 [22/05 18:16:10] sad: mkgfd
 [22/05 18:16:10] sad: :3
 [22/05 18:16:11] sad: :3
 [22/05 18:16:11] sad: :£
 [22/05 18:16:12] sad: :
 [22/05 18:16:12] sad: 3
 [22/05 18:16:13] sad: :3
 [22/05 18:16:14] sad: :3
 [22/05 18:16:15] sad: :3
 [22/05 18:16:15] sad: :?3
 [22/05 18:16:17] sad: dgfdbos#
 [22/05 18:16:17] sad: hello
 [22/05 18:16:18] sad: works
cal has joined the chat
cal has joined the chat
 [22/05 18:16:37] sad: hey cal
 [22/05 18:16:37] sad: hey cal
 [22/05 18:16:42] sad: hows it hanging
 [22/05 18:16:42] sad: hows it hanging
 [22/05 18:16:49] cal: ello
 [22/05 18:16:49] cal: ello
 [22/05 18:16:51] cal: hows it going
 [22/05 18:16:51] cal: hows it going
 [22/05 18:17:01] cal: got Heads in /coinflip!
 [22/05 18:17:01] cal: got Heads in /coinflip!
dsa used /coinflip and got: got Heads in /coinflip!
cal has left the chat
cal has left the chat
cal has joined the chat
fdsfsa has joined the chat
fdsfsa has joined the chat
 [22/05 18:20:38] cal: yoyo
 [22/05 18:20:38] cal: yoyo
 [22/05 18:20:43] fdsfsa: whattup
 [22/05 18:20:43] fdsfsa: whattup
dsa used /coinflip and got: got Heads in /coinflip!
cal has joined the chat
 [22/05 18:23:03] cal: gfds
 [22/05 18:23:06] cal: gfdsgfds
cal has left the chat
cal has joined the chat
 [22/05 18:23:32] cal: hey
cal has left the chat
cal has joined the chat
 [22/05 18:23:53] cal: hello!
cal has joined the chat
 [22/05 18:26:33] cal: hello!
 [22/05 18:26:35] cal: how is everyone
cal has left the chat
cal has joined the chat
[22/05 18:27:33] cal: hello!
[22/05 18:27:36] cal: lkfdsjlfdjsof
[22/05 18:27:36] cal: 3
[22/05 18:27:37] cal: :3
[22/05 18:27:38] cal: :3
[22/05 18:27:39] cal: :3
[22/05 18:27:42] cal: >:3
cal has left the chat
